<?xml version="1.0" encoding="UTF-8"?>
<!-- Generated by org.testng.reporters.JUnitXMLReporter -->
<testsuite ignored="0" hostname="LAPTOP-1GSEJ22F" failures="0" tests="8" name="edgeTest" time="3.327" errors="0" timestamp="2022-09-22T16:39:44 IST">
  <testcase classname="CyberSuccess1.LambdaTest_Automation.RegistrationTestCase" name="@BeforeMethod beforeMethod" time="3.278">
    <failure type="org.openqa.selenium.WebDriverException" message="unknown error: net::ERR_INTERNET_DISCONNECTED
  (Session info: MicrosoftEdge=105.0.1343.42)
Build info: version: &amp;apos;4.0.0&amp;apos;, revision: &amp;apos;3a21814679&amp;apos;
System info: host: &amp;apos;LAPTOP-1GSEJ22F&amp;apos;, ip: &amp;apos;127.0.0.1&amp;apos;, os.name: &amp;apos;Windows 11&amp;apos;, os.arch: &amp;apos;amd64&amp;apos;, os.version: &amp;apos;10.0&amp;apos;, java.version: &amp;apos;17.0.3&amp;apos;
Driver info: org.openqa.selenium.edge.EdgeDriver
Command: [ff669f8d4076d691894fe0c6d813791b, get {url=https://www.lambdatest.com}]
Capabilities {acceptInsecureCerts: false, browserName: msedge, browserVersion: 105.0.1343.42, javascriptEnabled: true, ms:edgeOptions: {debuggerAddress: localhost:53591}, msedge: {msedgedriverVersion: 105.0.1343.42 (a7d028ad8493..., userDataDir: C:\Users\ranid\AppData\Loca...}, networkConnectionEnabled: false, pageLoadStrategy: normal, platform: WINDOWS, platformName: WINDOWS, proxy: Proxy(), se:cdp: ws://localhost:53591/devtoo..., se:cdpVersion: 105.0.1343.42, setWindowRect: true, strictFileInteractability: false, timeouts: {implicit: 0, pageLoad: 300000, script: 30000}, unhandledPromptBehavior: dismiss and notify, webauthn:extension:credBlob: true, webauthn:extension:largeBlob: true, webauthn:virtualAuthenticators: true}
Session ID: ff669f8d4076d691894fe0c6d813791b">
      <![CDATA[org.openqa.selenium.WebDriverException: unknown error: net::ERR_INTERNET_DISCONNECTED
  (Session info: MicrosoftEdge=105.0.1343.42)
Build info: version: '4.0.0', revision: '3a21814679'
System info: host: 'LAPTOP-1GSEJ22F', ip: '127.0.0.1', os.name: 'Windows 11', os.arch: 'amd64', os.version: '10.0', java.version: '17.0.3'
Driver info: org.openqa.selenium.edge.EdgeDriver
Command: [ff669f8d4076d691894fe0c6d813791b, get {url=https://www.lambdatest.com}]
Capabilities {acceptInsecureCerts: false, browserName: msedge, browserVersion: 105.0.1343.42, javascriptEnabled: true, ms:edgeOptions: {debuggerAddress: localhost:53591}, msedge: {msedgedriverVersion: 105.0.1343.42 (a7d028ad8493..., userDataDir: C:\Users\ranid\AppData\Loca...}, networkConnectionEnabled: false, pageLoadStrategy: normal, platform: WINDOWS, platformName: WINDOWS, proxy: Proxy(), se:cdp: ws://localhost:53591/devtoo..., se:cdpVersion: 105.0.1343.42, setWindowRect: true, strictFileInteractability: false, timeouts: {implicit: 0, pageLoad: 300000, script: 30000}, unhandledPromptBehavior: dismiss and notify, webauthn:extension:credBlob: true, webauthn:extension:largeBlob: true, webauthn:virtualAuthenticators: true}
Session ID: ff669f8d4076d691894fe0c6d813791b
at org.openqa.selenium.remote.codec.w3c.W3CHttpResponseCodec.createException(W3CHttpResponseCodec.java:200)
at org.openqa.selenium.remote.codec.w3c.W3CHttpResponseCodec.decode(W3CHttpResponseCodec.java:133)
at org.openqa.selenium.remote.codec.w3c.W3CHttpResponseCodec.decode(W3CHttpResponseCodec.java:53)
at org.openqa.selenium.remote.HttpCommandExecutor.execute(HttpCommandExecutor.java:184)
at org.openqa.selenium.remote.service.DriverCommandExecutor.invokeExecute(DriverCommandExecutor.java:164)
at org.openqa.selenium.remote.service.DriverCommandExecutor.execute(DriverCommandExecutor.java:139)
at org.openqa.selenium.remote.RemoteWebDriver.execute(RemoteWebDriver.java:559)
at org.openqa.selenium.remote.RemoteWebDriver.get(RemoteWebDriver.java:328)
at CyberSuccess1.LambdaTest_Automation.RegistrationTestCase.beforeMethod(RegistrationTestCase.java:58)
at java.base/java.util.ArrayList.forEach(ArrayList.java:1511)
... Removed 36 stack frames]]>
    </failure>
  </testcase> <!-- @BeforeMethod beforeMethod -->
  <testcase classname="CyberSuccess1.LambdaTest_Automation.RegistrationTestCase" name="@AfterMethod afterMethod" time="-1.663844984684E9">
    <skipped/>
  </testcase> <!-- @AfterMethod afterMethod -->
  <testcase classname="CyberSuccess1.LambdaTest_Automation.RegistrationTestCase" name="@BeforeMethod beforeMethod" time="-1.663844984686E9">
    <skipped/>
  </testcase> <!-- @BeforeMethod beforeMethod -->
  <testcase classname="CyberSuccess1.LambdaTest_Automation.RegistrationTestCase" name="@AfterMethod afterMethod" time="-1.66384498469E9">
    <skipped/>
  </testcase> <!-- @AfterMethod afterMethod -->
  <testcase classname="CyberSuccess1.LambdaTest_Automation.RegistrationTestCase" name="@BeforeMethod beforeMethod" time="-1.663844984691E9">
    <skipped/>
  </testcase> <!-- @BeforeMethod beforeMethod -->
  <testcase classname="CyberSuccess1.LambdaTest_Automation.RegistrationTestCase" name="@AfterMethod afterMethod" time="-1.663844984696E9">
    <skipped/>
  </testcase> <!-- @AfterMethod afterMethod -->
  <testcase classname="CyberSuccess1.LambdaTest_Automation.RegistrationTestCase" name="@BeforeMethod beforeMethod" time="-1.663844984699E9">
    <skipped/>
  </testcase> <!-- @BeforeMethod beforeMethod -->
  <testcase classname="CyberSuccess1.LambdaTest_Automation.RegistrationTestCase" name="@AfterMethod afterMethod" time="-1.663844984702E9">
    <skipped/>
  </testcase> <!-- @AfterMethod afterMethod -->
  <testcase classname="CyberSuccess1.LambdaTest_Automation.RegistrationTestCase" name="@BeforeMethod beforeMethod" time="-1.663844984703E9">
    <skipped/>
  </testcase> <!-- @BeforeMethod beforeMethod -->
  <testcase classname="CyberSuccess1.LambdaTest_Automation.RegistrationTestCase" name="@AfterMethod afterMethod" time="-1.663844984706E9">
    <skipped/>
  </testcase> <!-- @AfterMethod afterMethod -->
  <testcase classname="CyberSuccess1.LambdaTest_Automation.RegistrationTestCase" name="@BeforeMethod beforeMethod" time="-1.663844984707E9">
    <skipped/>
  </testcase> <!-- @BeforeMethod beforeMethod -->
  <testcase classname="CyberSuccess1.LambdaTest_Automation.RegistrationTestCase" name="@AfterMethod afterMethod" time="-1.663844984713E9">
    <skipped/>
  </testcase> <!-- @AfterMethod afterMethod -->
  <testcase classname="CyberSuccess1.LambdaTest_Automation.RegistrationTestCase" name="@BeforeMethod beforeMethod" time="-1.663844984715E9">
    <skipped/>
  </testcase> <!-- @BeforeMethod beforeMethod -->
  <testcase classname="CyberSuccess1.LambdaTest_Automation.RegistrationTestCase" name="@AfterMethod afterMethod" time="-1.663844984718E9">
    <skipped/>
  </testcase> <!-- @AfterMethod afterMethod -->
  <testcase classname="CyberSuccess1.LambdaTest_Automation.RegistrationTestCase" name="@BeforeMethod beforeMethod" time="-1.66384498472E9">
    <skipped/>
  </testcase> <!-- @BeforeMethod beforeMethod -->
  <testcase classname="CyberSuccess1.LambdaTest_Automation.RegistrationTestCase" name="@AfterMethod afterMethod" time="-1.663844984723E9">
    <skipped/>
  </testcase> <!-- @AfterMethod afterMethod -->
  <testcase classname="CyberSuccess1.LambdaTest_Automation.RegistrationTestCase" name="registrationTest" time="0.0">
    <skipped/>
  </testcase> <!-- registrationTest -->
  <testcase classname="CyberSuccess1.LambdaTest_Automation.RegistrationTestCase" name="withoutfullname" time="0.0">
    <skipped/>
  </testcase> <!-- withoutfullname -->
  <testcase classname="CyberSuccess1.LambdaTest_Automation.RegistrationTestCase" name="withoutemailid" time="0.0">
    <skipped/>
  </testcase> <!-- withoutemailid -->
  <testcase classname="CyberSuccess1.LambdaTest_Automation.RegistrationTestCase" name="withoutpassword" time="0.0">
    <skipped/>
  </testcase> <!-- withoutpassword -->
  <testcase classname="CyberSuccess1.LambdaTest_Automation.RegistrationTestCase" name="withoutPhone" time="0.0">
    <skipped/>
  </testcase> <!-- withoutPhone -->
  <testcase classname="CyberSuccess1.LambdaTest_Automation.RegistrationTestCase" name="invalidmail" time="0.0">
    <skipped/>
  </testcase> <!-- invalidmail -->
  <testcase classname="CyberSuccess1.LambdaTest_Automation.RegistrationTestCase" name="invalipassword" time="0.0">
    <skipped/>
  </testcase> <!-- invalipassword -->
  <testcase classname="CyberSuccess1.LambdaTest_Automation.RegistrationTestCase" name="invaliphoneTest" time="0.0">
    <skipped/>
  </testcase> <!-- invaliphoneTest -->
</testsuite> <!-- edgeTest -->
