<?xml version="1.0" encoding="UTF-8"?>
<!-- Generated by org.testng.reporters.JUnitXMLReporter -->
<testsuite ignored="0" hostname="LAPTOP-1GSEJ22F" failures="1" tests="2" name="Test" time="0.067" errors="0" timestamp="2022-09-19T20:06:24 IST">
  <testcase classname="CyberSuccess1.LambdaTest_Automation.RegistrationTestCase" name="@BeforeMethod beforeMethod" time="-1.663598184171E9">
    <failure type="org.testng.TestNGException" message="
Parameter &amp;apos;browser&amp;apos; is required by BeforeMethod on method beforeMethod but has not been marked @Optional or defined
in C:\Users\ranid\eclipse-workspace\LambdaTest_Automation\testng.xml">
      <![CDATA[org.testng.TestNGException: 
Parameter 'browser' is required by BeforeMethod on method beforeMethod but has not been marked @Optional or defined
in C:\Users\ranid\eclipse-workspace\LambdaTest_Automation\testng.xml
at java.base/java.util.ArrayList.forEach(ArrayList.java:1511)
... Removed 28 stack frames]]>
    </failure>
  </testcase> <!-- @BeforeMethod beforeMethod -->
  <testcase classname="CyberSuccess1.LambdaTest_Automation.RegistrationTestCase" name="@AfterMethod afterMethod" time="-1.663598184176E9">
    <skipped/>
  </testcase> <!-- @AfterMethod afterMethod -->
  <testcase classname="CyberSuccess1.LambdaTest_Automation.InvalidFullNameTestCase" name="verifyElemntsOnPageTest" time="0.017">
    <failure type="java.lang.NullPointerException" message="Cannot invoke &amp;quot;org.openqa.selenium.WebDriver.findElement(org.openqa.selenium.By)&amp;quot; because &amp;quot;CyberSuccess1.LambdaTest_Automation.InvalidFullNameTestCase.driver&amp;quot; is null">
      <![CDATA[java.lang.NullPointerException: Cannot invoke "org.openqa.selenium.WebDriver.findElement(org.openqa.selenium.By)" because "CyberSuccess1.LambdaTest_Automation.InvalidFullNameTestCase.driver" is null
at CyberSuccess1.LambdaTest_Automation.InvalidFullNameTestCase.verifyElemntsOnPageTest(InvalidFullNameTestCase.java:11)
at java.base/java.util.ArrayList.forEach(ArrayList.java:1511)
... Removed 27 stack frames]]>
    </failure>
  </testcase> <!-- verifyElemntsOnPageTest -->
  <testcase classname="CyberSuccess1.LambdaTest_Automation.RegistrationTestCase" name="registrationTest" time="0.0">
    <skipped/>
  </testcase> <!-- registrationTest -->
</testsuite> <!-- Test -->
